Using pre-set license
Built from '2020.3/staging' branch; Version is '2020.3.25f1 (9b9180224418) revision 10195328'; Using compiler version '192528614'; Build Type 'Release'
OS: 'Windows 10  (10.0.19044) 64bit Professional' Language: 'en' Physical Memory: 32685 MB
BatchMode: 1, IsHumanControllingUs: 0, StartBugReporterOnCrash: 0, Is64bit: 1, IsPro: 0

COMMAND LINE ARGUMENTS:
C:\Program Files\Unity\Hub\Editor\2020.3.25f1\Editor\Unity.exe
-adb2
-batchMode
-noUpm
-name
AssetImportWorker0
-projectPath
C:/Users/Simon/Desktop/dissertation/cyber_security_game/Cyber Security Game
-logFile
Logs/AssetImportWorker0.log
-srvPort
58187
Successfully changed project path to: C:/Users/Simon/Desktop/dissertation/cyber_security_game/Cyber Security Game
C:/Users/Simon/Desktop/dissertation/cyber_security_game/Cyber Security Game
Using Asset Import Pipeline V2.
Refreshing native plugins compatible for Editor in 36.87 ms, found 3 plugins.
Preloading 0 native plugins for Editor in 0.00 ms.
Initialize engine version: 2020.3.25f1 (9b9180224418)
[Subsystems] Discovering subsystems at path C:/Program Files/Unity/Hub/Editor/2020.3.25f1/Editor/Data/Resources/UnitySubsystems
[Subsystems] Discovering subsystems at path C:/Users/Simon/Desktop/dissertation/cyber_security_game/Cyber Security Game/Assets
GfxDevice: creating device client; threaded=0
Direct3D:
    Version:  Direct3D 11.0 [level 11.0]
    Renderer: NVIDIA GeForce GTX 650 (ID=0xfc6)
    Vendor:   
    VRAM:     2007 MB
    Driver:   30.0.14.7298
Initialize mono
Mono path[0] = 'C:/Program Files/Unity/Hub/Editor/2020.3.25f1/Editor/Data/Managed'
Mono path[1] = 'C:/Program Files/Unity/Hub/Editor/2020.3.25f1/Editor/Data/MonoBleedingEdge/lib/mono/unityjit'
Mono config path = 'C:/Program Files/Unity/Hub/Editor/2020.3.25f1/Editor/Data/MonoBleedingEdge/etc'
Using monoOptions --debugger-agent=transport=dt_socket,embedding=1,server=y,suspend=n,address=127.0.0.1:56508
Begin MonoManager ReloadAssembly
Registering precompiled unity dll's ...
Register platform support module: C:/Program Files/Unity/Hub/Editor/2020.3.25f1/Editor/Data/PlaybackEngines/WindowsStandaloneSupport/UnityEditor.WindowsStandalone.Extensions.dll
Register platform support module: C:/Program Files/Unity/Hub/Editor/2020.3.25f1/Editor/Data/PlaybackEngines/LinuxStandaloneSupport/UnityEditor.LinuxStandalone.Extensions.dll
Registered in 0.001693 seconds.
Native extension for LinuxStandalone target not found
Native extension for WindowsStandalone target not found
Refreshing native plugins compatible for Editor in 35.97 ms, found 3 plugins.
Preloading 0 native plugins for Editor in 0.00 ms.
Mono: successfully reloaded assembly
- Completed reload, in  0.453 seconds
Domain Reload Profiling:
	ReloadAssembly (453ms)
		BeginReloadAssembly (40ms)
			ExecutionOrderSort (0ms)
			DisableScriptedObjects (0ms)
			BackupInstance (0ms)
			ReleaseScriptingObjects (0ms)
			CreateAndSetChildDomain (1ms)
		EndReloadAssembly (358ms)
			LoadAssemblies (38ms)
			RebuildTransferFunctionScriptingTraits (0ms)
			SetupTypeCache (122ms)
			ReleaseScriptCaches (0ms)
			RebuildScriptCaches (24ms)
			SetupLoadedEditorAssemblies (130ms)
				LogAssemblyErrors (0ms)
				InitializePlatformSupportModulesInManaged (5ms)
				SetLoadedEditorAssemblies (0ms)
				RefreshPlugins (36ms)
				BeforeProcessingInitializeOnLoad (6ms)
				ProcessInitializeOnLoadAttributes (62ms)
				ProcessInitializeOnLoadMethodAttributes (21ms)
				AfterProcessingInitializeOnLoad (0ms)
				EditorAssembliesLoaded (0ms)
			ExecutionOrderSort2 (0ms)
			AwakeInstancesAfterBackupRestoration (0ms)
Platform modules already initialized, skipping
Registering precompiled user dll's ...
Registered in 0.002354 seconds.
Begin MonoManager ReloadAssembly
Native extension for LinuxStandalone target not found
Native extension for WindowsStandalone target not found
Refreshing native plugins compatible for Editor in 35.61 ms, found 3 plugins.
Preloading 0 native plugins for Editor in 0.00 ms.
Mono: successfully reloaded assembly
- Completed reload, in  0.815 seconds
Domain Reload Profiling:
	ReloadAssembly (816ms)
		BeginReloadAssembly (106ms)
			ExecutionOrderSort (0ms)
			DisableScriptedObjects (4ms)
			BackupInstance (0ms)
			ReleaseScriptingObjects (0ms)
			CreateAndSetChildDomain (14ms)
		EndReloadAssembly (665ms)
			LoadAssemblies (65ms)
			RebuildTransferFunctionScriptingTraits (0ms)
			SetupTypeCache (215ms)
			ReleaseScriptCaches (0ms)
			RebuildScriptCaches (37ms)
			SetupLoadedEditorAssemblies (254ms)
				LogAssemblyErrors (0ms)
				InitializePlatformSupportModulesInManaged (4ms)
				SetLoadedEditorAssemblies (0ms)
				RefreshPlugins (36ms)
				BeforeProcessingInitializeOnLoad (54ms)
				ProcessInitializeOnLoadAttributes (143ms)
				ProcessInitializeOnLoadMethodAttributes (12ms)
				AfterProcessingInitializeOnLoad (5ms)
				EditorAssembliesLoaded (0ms)
			ExecutionOrderSort2 (0ms)
			AwakeInstancesAfterBackupRestoration (5ms)
Platform modules already initialized, skipping
========================================================================
Worker process is ready to serve import requests
Launched and connected shader compiler UnityShaderCompiler.exe after 0.05 seconds
Refreshing native plugins compatible for Editor in 0.72 ms, found 3 plugins.
Preloading 0 native plugins for Editor in 0.00 ms.
Unloading 2226 Unused Serialized files (Serialized files now loaded: 0)
System memory in use before: 97.3 MB.
System memory in use after: 97.4 MB.

Unloading 25 unused Assets to reduce memory usage. Loaded Objects now: 2664.
Total: 2.601300 ms (FindLiveObjects: 0.175300 ms CreateObjectMapping: 0.074100 ms MarkObjects: 2.302200 ms  DeleteObjects: 0.048900 ms)

AssetImportParameters requested are different than current active one (requested -> active):
  custom:framework-win-MediaFoundation: 216162199b28c13a410421893ffa2e32 -> 
  custom:video-decoder-ogg-theora: a1e56fd34408186e4bbccfd4996cb3dc -> 
  custom:container-muxer-webm: aa71ff27fc2769a1b78a27578f13a17b -> 
  custom:container-demuxer-webm: 4f35f7cbe854078d1ac9338744f61a02 -> 
  custom:container-demuxer-ogg: 62fdf1f143b41e24485cea50d1cbac27 -> 
  custom:video-encoder-webm-vp8: eb34c28f22e8b96e1ab97ce403110664 -> 
  custom:video-decoder-webm-vp8: 9c59270c3fd7afecdb556c50c9e8de78 -> 
  custom:audio-decoder-ogg-vorbis: bf7c407c2cedff20999df2af8eb42d56 -> 
  custom:audio-encoder-webm-vorbis: bf7c407c2cedff20999df2af8eb42d56 -> 
========================================================================
Received Import Request.
  path: Assets/Revitalise.png
  artifactKey: Guid(11e2a447937f8f745a1978210a8fd7d2) Importer(815301076,1909f56bfc062723c751e8b465ee728b)
Start importing Assets/Revitalise.png using Guid(11e2a447937f8f745a1978210a8fd7d2) Importer(815301076,1909f56bfc062723c751e8b465ee728b)  -> (artifact id: '11d4f7a24c3f16b8e2b65f0f3408d223') in 0.117273 seconds 
  Import took 0.120005 seconds .

========================================================================
Received Import Request.
  Time since last request: 1423.762987 seconds.
  path: Assets/Sprites
  artifactKey: Guid(afe90d993a50a9f4ba377267b145122a) Importer(815301076,1909f56bfc062723c751e8b465ee728b)
Start importing Assets/Sprites using Guid(afe90d993a50a9f4ba377267b145122a) Importer(815301076,1909f56bfc062723c751e8b465ee728b)  -> (artifact id: '1c357dbe223f858e29c44f7c92862a66') in 0.006010 seconds 
  Import took 0.009325 seconds .

========================================================================
Received Import Request.
  Time since last request: 0.052309 seconds.
  path: Assets/Sprites/BlackMarket.PNG
  artifactKey: Guid(8404f2ade0f16f64bb9e9558aa83525f) Importer(815301076,1909f56bfc062723c751e8b465ee728b)
Start importing Assets/Sprites/BlackMarket.PNG using Guid(8404f2ade0f16f64bb9e9558aa83525f) Importer(815301076,1909f56bfc062723c751e8b465ee728b)  -> (artifact id: '292eee4e47c10e4267ad8889c7f66af8') in 0.054255 seconds 
  Import took 0.057140 seconds .

========================================================================
Received Import Request.
  Time since last request: 0.000205 seconds.
  path: Assets/Sprites/DoNothing.png
  artifactKey: Guid(77791dd194cfc6949a2be09e0f20a812) Importer(815301076,1909f56bfc062723c751e8b465ee728b)
Start importing Assets/Sprites/DoNothing.png using Guid(77791dd194cfc6949a2be09e0f20a812) Importer(815301076,1909f56bfc062723c751e8b465ee728b)  -> (artifact id: '3e0cbddd0a94059ae3a55ecafa6eaa57') in 0.014283 seconds 
  Import took 0.017265 seconds .

========================================================================
Received Import Request.
  Time since last request: 0.000150 seconds.
  path: Assets/Sprites/EnergeticBear.png
  artifactKey: Guid(6cb2fdf729cb7b145840e55d8e46b869) Importer(815301076,1909f56bfc062723c751e8b465ee728b)
Start importing Assets/Sprites/EnergeticBear.png using Guid(6cb2fdf729cb7b145840e55d8e46b869) Importer(815301076,1909f56bfc062723c751e8b465ee728b)  -> (artifact id: 'ef116956b92fb8eb542348535b0a16d2') in 0.020376 seconds 
  Import took 0.023179 seconds .

========================================================================
Received Import Request.
  Time since last request: 0.000127 seconds.
  path: Assets/Sprites/Electorate.png
  artifactKey: Guid(e2e52a04b177dcf4ca644d912f55b6d7) Importer(815301076,1909f56bfc062723c751e8b465ee728b)
Start importing Assets/Sprites/Electorate.png using Guid(e2e52a04b177dcf4ca644d912f55b6d7) Importer(815301076,1909f56bfc062723c751e8b465ee728b)  -> (artifact id: 'e219d28737c8ccf02752f8d1fdf5b2a5') in 0.011425 seconds 
  Import took 0.014072 seconds .

========================================================================
Received Import Request.
  Time since last request: 0.000116 seconds.
  path: Assets/Sprites/RussianGovernment.png
  artifactKey: Guid(0ba702a0f0682de40ace725f994044b9) Importer(815301076,1909f56bfc062723c751e8b465ee728b)
Start importing Assets/Sprites/RussianGovernment.png using Guid(0ba702a0f0682de40ace725f994044b9) Importer(815301076,1909f56bfc062723c751e8b465ee728b)  -> (artifact id: '820d4ac8e85d8acb7c05f057e91e0553') in 0.011798 seconds 
  Import took 0.014608 seconds .

========================================================================
Received Import Request.
  Time since last request: 0.000132 seconds.
  path: Assets/Sprites/EventCards.png
  artifactKey: Guid(4e8cc576948caf44790a86270bab20ce) Importer(815301076,1909f56bfc062723c751e8b465ee728b)
Start importing Assets/Sprites/EventCards.png using Guid(4e8cc576948caf44790a86270bab20ce) Importer(815301076,1909f56bfc062723c751e8b465ee728b)  -> (artifact id: 'ba1bdd98a5ba4989109b2ed1f6e9a3a9') in 0.032459 seconds 
  Import took 0.035277 seconds .

========================================================================
Received Import Request.
  Time since last request: 0.000158 seconds.
  path: Assets/Sprites/UK_PLC.png
  artifactKey: Guid(47ec411014e642742994b61bcd49f25b) Importer(815301076,1909f56bfc062723c751e8b465ee728b)
Start importing Assets/Sprites/UK_PLC.png using Guid(47ec411014e642742994b61bcd49f25b) Importer(815301076,1909f56bfc062723c751e8b465ee728b)  -> (artifact id: '0af892a27ffdac2b4c826e7c7cfe9ec9') in 0.014952 seconds 
  Import took 0.017717 seconds .

========================================================================
Received Import Request.
  Time since last request: 0.000132 seconds.
  path: Assets/Sprites/Energy.png
  artifactKey: Guid(eb3fb3e60ecb4cc48926b52d4fc240d2) Importer(815301076,1909f56bfc062723c751e8b465ee728b)
Start importing Assets/Sprites/Energy.png using Guid(eb3fb3e60ecb4cc48926b52d4fc240d2) Importer(815301076,1909f56bfc062723c751e8b465ee728b)  -> (artifact id: 'ff07749bb33f11cc99c3c2f890b6dfe6') in 0.010908 seconds 
  Import took 0.013788 seconds .

========================================================================
Received Import Request.
  Time since last request: 0.000132 seconds.
  path: Assets/Sprites/SCS.png
  artifactKey: Guid(6d03e530f57e78642adf18378ceb793d) Importer(815301076,1909f56bfc062723c751e8b465ee728b)
Start importing Assets/Sprites/SCS.png using Guid(6d03e530f57e78642adf18378ceb793d) Importer(815301076,1909f56bfc062723c751e8b465ee728b)  -> (artifact id: '7b72020a7e3894475594fc3b928c61fa') in 0.012002 seconds 
  Import took 0.014818 seconds .

========================================================================
Received Import Request.
  Time since last request: 0.000129 seconds.
  path: Assets/Sprites/OnlineTrolls.png
  artifactKey: Guid(60d93bd8862a4d641bbf5e3603e8706e) Importer(815301076,1909f56bfc062723c751e8b465ee728b)
Start importing Assets/Sprites/OnlineTrolls.png using Guid(60d93bd8862a4d641bbf5e3603e8706e) Importer(815301076,1909f56bfc062723c751e8b465ee728b)  -> (artifact id: 'e295af68bac09e61f50f3dc2d257638e') in 0.011825 seconds 
  Import took 0.014524 seconds .

========================================================================
Received Import Request.
  Time since last request: 0.000123 seconds.
  path: Assets/Sprites/Gov.png
  artifactKey: Guid(e41844bad4a63084c959cd9c771aa5cd) Importer(815301076,1909f56bfc062723c751e8b465ee728b)
Start importing Assets/Sprites/Gov.png using Guid(e41844bad4a63084c959cd9c771aa5cd) Importer(815301076,1909f56bfc062723c751e8b465ee728b)  -> (artifact id: 'ced9d70a73759ec82ada6f2f349a048b') in 0.010967 seconds 
  Import took 0.013740 seconds .

========================================================================
Received Import Request.
  Time since last request: 0.000125 seconds.
  path: Assets/Sprites/Rosenergoatom.png
  artifactKey: Guid(29765804e4af6af4fb06d73f6674dd2d) Importer(815301076,1909f56bfc062723c751e8b465ee728b)
Start importing Assets/Sprites/Rosenergoatom.png using Guid(29765804e4af6af4fb06d73f6674dd2d) Importer(815301076,1909f56bfc062723c751e8b465ee728b)  -> (artifact id: 'ada9466124873297e73f7730561437d8') in 0.011404 seconds 
  Import took 0.014164 seconds .

========================================================================
Received Import Request.
  Time since last request: 0.000116 seconds.
  path: Assets/Sprites/GCHQ.png
  artifactKey: Guid(57a9106daf841cf45b710effeef56e83) Importer(815301076,1909f56bfc062723c751e8b465ee728b)
Start importing Assets/Sprites/GCHQ.png using Guid(57a9106daf841cf45b710effeef56e83) Importer(815301076,1909f56bfc062723c751e8b465ee728b)  -> (artifact id: '3232f2715199c537ab186db39d48c1e5') in 0.011081 seconds 
  Import took 0.013817 seconds .

========================================================================
Received Import Request.
  Time since last request: 46.129756 seconds.
  path: Assets/Sprites/Electorate 1.png
  artifactKey: Guid(18ae102a6f93f254bb6a8a661b63e73c) Importer(815301076,1909f56bfc062723c751e8b465ee728b)
Start importing Assets/Sprites/Electorate 1.png using Guid(18ae102a6f93f254bb6a8a661b63e73c) Importer(815301076,1909f56bfc062723c751e8b465ee728b)  -> (artifact id: '321307bed41de0cd7f31f998437967a7') in 0.057940 seconds 
  Import took 0.061083 seconds .

========================================================================
Received Import Request.
  Time since last request: 0.000123 seconds.
  path: Assets/Sprites/GCHQ 1.png
  artifactKey: Guid(2a3d3dcad813975438bc9bf4657854a9) Importer(815301076,1909f56bfc062723c751e8b465ee728b)
Start importing Assets/Sprites/GCHQ 1.png using Guid(2a3d3dcad813975438bc9bf4657854a9) Importer(815301076,1909f56bfc062723c751e8b465ee728b)  -> (artifact id: '5e555960768c2fc9832d279346d01793') in 0.025261 seconds 
  Import took 0.028025 seconds .

========================================================================
Received Import Request.
  Time since last request: 0.000126 seconds.
  path: Assets/Sprites/Gov 1.png
  artifactKey: Guid(9aa505291718f83458329b8f8452447b) Importer(815301076,1909f56bfc062723c751e8b465ee728b)
Start importing Assets/Sprites/Gov 1.png using Guid(9aa505291718f83458329b8f8452447b) Importer(815301076,1909f56bfc062723c751e8b465ee728b)  -> (artifact id: '0a58554025177c3cfb1fb8accb5ef27a') in 0.035154 seconds 
  Import took 0.037900 seconds .

========================================================================
Received Import Request.
  Time since last request: 0.000151 seconds.
  path: Assets/Sprites/SCS 1.png
  artifactKey: Guid(e4ae61464685b184ebbc775fa91f417a) Importer(815301076,1909f56bfc062723c751e8b465ee728b)
Start importing Assets/Sprites/SCS 1.png using Guid(e4ae61464685b184ebbc775fa91f417a) Importer(815301076,1909f56bfc062723c751e8b465ee728b)  -> (artifact id: 'bedeb1e9f05fa484be74119c4744f67b') in 0.037159 seconds 
  Import took 0.039854 seconds .

========================================================================
Received Import Request.
  Time since last request: 0.000120 seconds.
  path: Assets/Sprites/Rosenergoatom 1.png
  artifactKey: Guid(ec72798663e74c044b8913e30685f74d) Importer(815301076,1909f56bfc062723c751e8b465ee728b)
Start importing Assets/Sprites/Rosenergoatom 1.png using Guid(ec72798663e74c044b8913e30685f74d) Importer(815301076,1909f56bfc062723c751e8b465ee728b)  -> (artifact id: 'bf0cd6317fece86979f4c5027cfee934') in 0.016332 seconds 
  Import took 0.019046 seconds .

========================================================================
Received Import Request.
  Time since last request: 0.000116 seconds.
  path: Assets/Sprites/UK_PLC 1.png
  artifactKey: Guid(9a03e9306f5d3bd47913828224448401) Importer(815301076,1909f56bfc062723c751e8b465ee728b)
Start importing Assets/Sprites/UK_PLC 1.png using Guid(9a03e9306f5d3bd47913828224448401) Importer(815301076,1909f56bfc062723c751e8b465ee728b)  -> (artifact id: 'e95b220ad7623b9e71d2b457e5a68143') in 0.013596 seconds 
  Import took 0.016431 seconds .

========================================================================
Received Import Request.
  Time since last request: 0.000146 seconds.
  path: Assets/Sprites/RussianGovernment 1.png
  artifactKey: Guid(2fa5a62e63b52b647bd790ddc35cd74d) Importer(815301076,1909f56bfc062723c751e8b465ee728b)
Start importing Assets/Sprites/RussianGovernment 1.png using Guid(2fa5a62e63b52b647bd790ddc35cd74d) Importer(815301076,1909f56bfc062723c751e8b465ee728b)  -> (artifact id: 'aacb38888ca5e811b61aba6ad7e94d92') in 0.014511 seconds 
  Import took 0.017393 seconds .

========================================================================
Received Import Request.
  Time since last request: 0.000125 seconds.
  path: Assets/Sprites/EnergeticBear 1.png
  artifactKey: Guid(c3648eb9ba4146040aa9f796cc97c55f) Importer(815301076,1909f56bfc062723c751e8b465ee728b)
Start importing Assets/Sprites/EnergeticBear 1.png using Guid(c3648eb9ba4146040aa9f796cc97c55f) Importer(815301076,1909f56bfc062723c751e8b465ee728b)  -> (artifact id: '7ee0e82e2685fabc6da6ef710c54aac2') in 0.010838 seconds 
  Import took 0.013541 seconds .

========================================================================
Received Import Request.
  Time since last request: 0.000108 seconds.
  path: Assets/Sprites/Energy 1.png
  artifactKey: Guid(404867925891c8542aa99e172c5277e0) Importer(815301076,1909f56bfc062723c751e8b465ee728b)
Start importing Assets/Sprites/Energy 1.png using Guid(404867925891c8542aa99e172c5277e0) Importer(815301076,1909f56bfc062723c751e8b465ee728b)  -> (artifact id: '0ff9e85cd72c5fdaa0a2cc065a7063c5') in 0.015866 seconds 
  Import took 0.018504 seconds .

========================================================================
Received Import Request.
  Time since last request: 0.000128 seconds.
  path: Assets/Sprites/OnlineTrolls 1.png
  artifactKey: Guid(e2e7ecebd638c434b9d207bdf2302cc4) Importer(815301076,1909f56bfc062723c751e8b465ee728b)
Start importing Assets/Sprites/OnlineTrolls 1.png using Guid(e2e7ecebd638c434b9d207bdf2302cc4) Importer(815301076,1909f56bfc062723c751e8b465ee728b)  -> (artifact id: 'cf0b6b08260015efcaa666f39a1c5939') in 0.015299 seconds 
  Import took 0.018185 seconds .

========================================================================
Received Import Request.
  Time since last request: 33.894388 seconds.
  path: Assets/Prefabs/BackButton.prefab
  artifactKey: Guid(f79a9a737db210e4eb0cb76a67cebc83) Importer(815301076,1909f56bfc062723c751e8b465ee728b)
Start importing Assets/Prefabs/BackButton.prefab using Guid(f79a9a737db210e4eb0cb76a67cebc83) Importer(815301076,1909f56bfc062723c751e8b465ee728b)  -> (artifact id: 'bb4443eeccabab523f7830216796b4c5') in 0.023019 seconds 
  Import took 0.026015 seconds .

========================================================================
Received Import Request.
  Time since last request: 0.000237 seconds.
  path: Assets/Prefabs/GameManager.prefab
  artifactKey: Guid(1b480b4ddda2eac4caab65cd180fb0de) Importer(815301076,1909f56bfc062723c751e8b465ee728b)
Start importing Assets/Prefabs/GameManager.prefab using Guid(1b480b4ddda2eac4caab65cd180fb0de) Importer(815301076,1909f56bfc062723c751e8b465ee728b)  -> (artifact id: '9877818aba00143fa0fb697b300d29ab') in 0.005967 seconds 
  Import took 0.008630 seconds .

========================================================================
Received Import Request.
  Time since last request: 0.000143 seconds.
  path: Assets/Prefabs/Revitalise.prefab
  artifactKey: Guid(2c6ca4d537eee344cb4e22f02e72a36c) Importer(815301076,1909f56bfc062723c751e8b465ee728b)
Start importing Assets/Prefabs/Revitalise.prefab using Guid(2c6ca4d537eee344cb4e22f02e72a36c) Importer(815301076,1909f56bfc062723c751e8b465ee728b)  -> (artifact id: '22ee4355310e88f4b641df6bca5566f6') in 0.005865 seconds 
  Import took 0.008672 seconds .

========================================================================
Received Import Request.
  Time since last request: 0.000152 seconds.
  path: Assets/Prefabs/Resource.prefab
  artifactKey: Guid(94eca63260846574289abf5586bfbc2f) Importer(815301076,1909f56bfc062723c751e8b465ee728b)
Start importing Assets/Prefabs/Resource.prefab using Guid(94eca63260846574289abf5586bfbc2f) Importer(815301076,1909f56bfc062723c751e8b465ee728b)  -> (artifact id: '071c8619c3db2b82c12e8e6c40b5f7fa') in 0.005702 seconds 
  Import took 0.008455 seconds .

========================================================================
Received Import Request.
  Time since last request: 0.000132 seconds.
  path: Assets/Prefabs/BlackMarketButton.prefab
  artifactKey: Guid(c4974225e73c94140ab1451f8bbb2bb6) Importer(815301076,1909f56bfc062723c751e8b465ee728b)
Start importing Assets/Prefabs/BlackMarketButton.prefab using Guid(c4974225e73c94140ab1451f8bbb2bb6) Importer(815301076,1909f56bfc062723c751e8b465ee728b)  -> (artifact id: '476a45cdfa574d5196cf2f17d6e83899') in 0.005690 seconds 
  Import took 0.008452 seconds .

========================================================================
Received Import Request.
  Time since last request: 0.000124 seconds.
  path: Assets/Prefabs/EnemyArea.prefab
  artifactKey: Guid(1bcc4b26de1e1ad4f826cea30465daf2) Importer(815301076,1909f56bfc062723c751e8b465ee728b)
Start importing Assets/Prefabs/EnemyArea.prefab using Guid(1bcc4b26de1e1ad4f826cea30465daf2) Importer(815301076,1909f56bfc062723c751e8b465ee728b)  -> (artifact id: '5c2e9ee7302178ff8fb245053723d1dc') in 0.007197 seconds 
  Import took 0.010068 seconds .

========================================================================
Received Import Request.
  Time since last request: 0.000121 seconds.
  path: Assets/Prefabs/PlayerArea.prefab
  artifactKey: Guid(1411e77dba28aa44aa241b127ec3321e) Importer(815301076,1909f56bfc062723c751e8b465ee728b)
Start importing Assets/Prefabs/PlayerArea.prefab using Guid(1411e77dba28aa44aa241b127ec3321e) Importer(815301076,1909f56bfc062723c751e8b465ee728b)  -> (artifact id: '60e0f6604d2f09e762a692b4b036a3a6') in 0.008829 seconds 
  Import took 0.011809 seconds .

========================================================================
Received Import Request.
  Time since last request: 0.000144 seconds.
  path: Assets/Prefabs/OwnedItem.prefab
  artifactKey: Guid(ffe5ec84a3502c946a5da0aa7fa190fd) Importer(815301076,1909f56bfc062723c751e8b465ee728b)
Start importing Assets/Prefabs/OwnedItem.prefab using Guid(ffe5ec84a3502c946a5da0aa7fa190fd) Importer(815301076,1909f56bfc062723c751e8b465ee728b)  -> (artifact id: 'fff35afc1bea26301e7f213bd94b68c7') in 0.006027 seconds 
  Import took 0.008971 seconds .

========================================================================
Received Import Request.
  Time since last request: 0.000131 seconds.
  path: Assets/Prefabs/EventCard.prefab
  artifactKey: Guid(194f23b54c195d942b17ffa8287032b0) Importer(815301076,1909f56bfc062723c751e8b465ee728b)
Start importing Assets/Prefabs/EventCard.prefab using Guid(194f23b54c195d942b17ffa8287032b0) Importer(815301076,1909f56bfc062723c751e8b465ee728b)  -> (artifact id: '3db9829d8f7147ecf2234dcf58fcc483') in 0.006147 seconds 
  Import took 0.008993 seconds .

========================================================================
Received Import Request.
  Time since last request: 0.000118 seconds.
  path: Assets/Prefabs/BlackMarketItem.prefab
  artifactKey: Guid(b6a2fe47d9f16e74eb7243971a6f9a17) Importer(815301076,1909f56bfc062723c751e8b465ee728b)
Start importing Assets/Prefabs/BlackMarketItem.prefab using Guid(b6a2fe47d9f16e74eb7243971a6f9a17) Importer(815301076,1909f56bfc062723c751e8b465ee728b)  -> (artifact id: 'bf9d89718f418990c6c61e76b5a25d6e') in 0.011515 seconds 
  Import took 0.014329 seconds .

========================================================================
Received Import Request.
  Time since last request: 0.000128 seconds.
  path: Assets/Prefabs/EndTurnButton.prefab
  artifactKey: Guid(a1ca063a384c5674e869c5aebd01d455) Importer(815301076,1909f56bfc062723c751e8b465ee728b)
Start importing Assets/Prefabs/EndTurnButton.prefab using Guid(a1ca063a384c5674e869c5aebd01d455) Importer(815301076,1909f56bfc062723c751e8b465ee728b)  -> (artifact id: 'ee574d86e0b829bedf978dcd6697b24a') in 0.005875 seconds 
  Import took 0.008868 seconds .

========================================================================
Received Import Request.
  Time since last request: 0.000120 seconds.
  path: Assets/Prefabs/NumInput.prefab
  artifactKey: Guid(0ec247e852fe3f74eaa80ddb3035adce) Importer(815301076,1909f56bfc062723c751e8b465ee728b)
Start importing Assets/Prefabs/NumInput.prefab using Guid(0ec247e852fe3f74eaa80ddb3035adce) Importer(815301076,1909f56bfc062723c751e8b465ee728b)  -> (artifact id: '3196562dd53884ae2faf05388e477a87') in 0.006609 seconds 
  Import took 0.009479 seconds .

========================================================================
Received Import Request.
  Time since last request: 0.000126 seconds.
  path: Assets/Prefabs/InfoScreen.prefab
  artifactKey: Guid(fb1632c97155fbf46bb6bdb48b84e952) Importer(815301076,1909f56bfc062723c751e8b465ee728b)
Start importing Assets/Prefabs/InfoScreen.prefab using Guid(fb1632c97155fbf46bb6bdb48b84e952) Importer(815301076,1909f56bfc062723c751e8b465ee728b)  -> (artifact id: '05644f87fc22e1052850f5bc1d53adb3') in 0.007229 seconds 
  Import took 0.010362 seconds .

========================================================================
Received Prepare
Registering precompiled user dll's ...
Registered in 0.002242 seconds.
Begin MonoManager ReloadAssembly
Native extension for LinuxStandalone target not found
Native extension for WindowsStandalone target not found
Refreshing native plugins compatible for Editor in 0.45 ms, found 3 plugins.
Preloading 0 native plugins for Editor in 0.00 ms.
Mono: successfully reloaded assembly
- Completed reload, in  0.790 seconds
Domain Reload Profiling:
	ReloadAssembly (791ms)
		BeginReloadAssembly (96ms)
			ExecutionOrderSort (0ms)
			DisableScriptedObjects (5ms)
			BackupInstance (0ms)
			ReleaseScriptingObjects (0ms)
			CreateAndSetChildDomain (27ms)
		EndReloadAssembly (646ms)
			LoadAssemblies (74ms)
			RebuildTransferFunctionScriptingTraits (0ms)
			SetupTypeCache (225ms)
			ReleaseScriptCaches (1ms)
			RebuildScriptCaches (33ms)
			SetupLoadedEditorAssemblies (227ms)
				LogAssemblyErrors (0ms)
				InitializePlatformSupportModulesInManaged (5ms)
				SetLoadedEditorAssemblies (0ms)
				RefreshPlugins (0ms)
				BeforeProcessingInitializeOnLoad (49ms)
				ProcessInitializeOnLoadAttributes (159ms)
				ProcessInitializeOnLoadMethodAttributes (9ms)
				AfterProcessingInitializeOnLoad (4ms)
				EditorAssembliesLoaded (0ms)
			ExecutionOrderSort2 (0ms)
			AwakeInstancesAfterBackupRestoration (7ms)
Platform modules already initialized, skipping
Switching build target platform(19) subTarget(0) extendedPlatform(0) -> platform(13) subTarget(537395200) extendedPlatform(0)
Refreshing native plugins compatible for Editor in 0.46 ms, found 3 plugins.
Preloading 0 native plugins for Editor in 0.00 ms.
Unloading 2218 Unused Serialized files (Serialized files now loaded: 0)
System memory in use before: 99.8 MB.
System memory in use after: 100.0 MB.

Unloading 16 unused Assets to reduce memory usage. Loaded Objects now: 2699.
Total: 2.269500 ms (FindLiveObjects: 0.158400 ms CreateObjectMapping: 0.073700 ms MarkObjects: 2.018900 ms  DeleteObjects: 0.017900 ms)

AssetImportParameters requested are different than current active one (requested -> active):
  custom:framework-win-MediaFoundation: 216162199b28c13a410421893ffa2e32 -> 
  custom:video-decoder-ogg-theora: a1e56fd34408186e4bbccfd4996cb3dc -> 
  custom:container-muxer-webm: aa71ff27fc2769a1b78a27578f13a17b -> 
  custom:container-demuxer-webm: 4f35f7cbe854078d1ac9338744f61a02 -> 
  custom:container-demuxer-ogg: 62fdf1f143b41e24485cea50d1cbac27 -> 
  custom:video-encoder-webm-vp8: eb34c28f22e8b96e1ab97ce403110664 -> 
  custom:video-decoder-webm-vp8: 9c59270c3fd7afecdb556c50c9e8de78 -> 
  custom:graphics/normal-map-encoding: 01000000000000000000000000000000 -> 02000000000000000000000000000000
  custom:audio-decoder-ogg-vorbis: bf7c407c2cedff20999df2af8eb42d56 -> 
  custom:audio-encoder-webm-vorbis: bf7c407c2cedff20999df2af8eb42d56 -> 
========================================================================
Received Prepare
Registering precompiled user dll's ...
Registered in 0.002198 seconds.
Begin MonoManager ReloadAssembly
Native extension for LinuxStandalone target not found
Native extension for WindowsStandalone target not found
Refreshing native plugins compatible for Editor in 0.43 ms, found 3 plugins.
Preloading 0 native plugins for Editor in 0.00 ms.
Mono: successfully reloaded assembly
- Completed reload, in  0.774 seconds
Domain Reload Profiling:
	ReloadAssembly (774ms)
		BeginReloadAssembly (96ms)
			ExecutionOrderSort (0ms)
			DisableScriptedObjects (5ms)
			BackupInstance (0ms)
			ReleaseScriptingObjects (0ms)
			CreateAndSetChildDomain (27ms)
		EndReloadAssembly (631ms)
			LoadAssemblies (67ms)
			RebuildTransferFunctionScriptingTraits (0ms)
			SetupTypeCache (216ms)
			ReleaseScriptCaches (1ms)
			RebuildScriptCaches (32ms)
			SetupLoadedEditorAssemblies (227ms)
				LogAssemblyErrors (0ms)
				InitializePlatformSupportModulesInManaged (5ms)
				SetLoadedEditorAssemblies (0ms)
				RefreshPlugins (0ms)
				BeforeProcessingInitializeOnLoad (50ms)
				ProcessInitializeOnLoadAttributes (158ms)
				ProcessInitializeOnLoadMethodAttributes (9ms)
				AfterProcessingInitializeOnLoad (5ms)
				EditorAssembliesLoaded (0ms)
			ExecutionOrderSort2 (0ms)
			AwakeInstancesAfterBackupRestoration (7ms)
Platform modules already initialized, skipping
Switching build target platform(19) subTarget(0) extendedPlatform(0) -> platform(13) subTarget(537395200) extendedPlatform(0)
Refreshing native plugins compatible for Editor in 0.41 ms, found 3 plugins.
Preloading 0 native plugins for Editor in 0.00 ms.
Unloading 2218 Unused Serialized files (Serialized files now loaded: 0)
System memory in use before: 99.9 MB.
System memory in use after: 100.0 MB.

Unloading 14 unused Assets to reduce memory usage. Loaded Objects now: 2702.
Total: 2.367700 ms (FindLiveObjects: 0.201800 ms CreateObjectMapping: 0.095500 ms MarkObjects: 2.056600 ms  DeleteObjects: 0.012700 ms)

AssetImportParameters requested are different than current active one (requested -> active):
  custom:framework-win-MediaFoundation: 216162199b28c13a410421893ffa2e32 -> 
  custom:video-decoder-ogg-theora: a1e56fd34408186e4bbccfd4996cb3dc -> 
  custom:container-muxer-webm: aa71ff27fc2769a1b78a27578f13a17b -> 
  custom:container-demuxer-webm: 4f35f7cbe854078d1ac9338744f61a02 -> 
  custom:container-demuxer-ogg: 62fdf1f143b41e24485cea50d1cbac27 -> 
  custom:video-encoder-webm-vp8: eb34c28f22e8b96e1ab97ce403110664 -> 
  custom:video-decoder-webm-vp8: 9c59270c3fd7afecdb556c50c9e8de78 -> 
  custom:graphics/normal-map-encoding: 01000000000000000000000000000000 -> 02000000000000000000000000000000
  custom:audio-decoder-ogg-vorbis: bf7c407c2cedff20999df2af8eb42d56 -> 
  custom:audio-encoder-webm-vorbis: bf7c407c2cedff20999df2af8eb42d56 -> 
AssetImportWorkerClient::OnTransportError - code=2 error=End of file
